{"C:\\Users\\Sadık Barış Yılmaz\\Documents\\Projects\\fullstackopen-part5\\src\\App.jsx": {"path":"C:\\Users\\Sadık Barış Yılmaz\\Documents\\Projects\\fullstackopen-part5\\src\\App.jsx","statementMap":{"0":{"start":{"line":9,"column":12},"end":{"line":156,"column":1}},"1":{"start":{"line":10,"column":28},"end":{"line":10,"column":40}},"2":{"start":{"line":11,"column":26},"end":{"line":11,"column":40}},"3":{"start":{"line":12,"column":42},"end":{"line":12,"column":56}},"4":{"start":{"line":13,"column":42},"end":{"line":13,"column":56}},"5":{"start":{"line":14,"column":42},"end":{"line":14,"column":57}},"6":{"start":{"line":15,"column":34},"end":{"line":19,"column":4}},"7":{"start":{"line":21,"column":44},"end":{"line":24,"column":4}},"8":{"start":{"line":25,"column":2},"end":{"line":25,"column":20}},"9":{"start":{"line":26,"column":2},"end":{"line":38,"column":9}},"10":{"start":{"line":27,"column":21},"end":{"line":30,"column":5}},"11":{"start":{"line":28,"column":20},"end":{"line":28,"column":34}},"12":{"start":{"line":29,"column":6},"end":{"line":29,"column":22}},"13":{"start":{"line":32,"column":4},"end":{"line":32,"column":15}},"14":{"start":{"line":34,"column":4},"end":{"line":37,"column":5}},"15":{"start":{"line":35,"column":25},"end":{"line":35,"column":66}},"16":{"start":{"line":36,"column":6},"end":{"line":36,"column":38}},"17":{"start":{"line":40,"column":27},"end":{"line":46,"column":3}},"18":{"start":{"line":41,"column":4},"end":{"line":41,"column":25}},"19":{"start":{"line":42,"column":4},"end":{"line":42,"column":26}},"20":{"start":{"line":43,"column":4},"end":{"line":45,"column":13}},"21":{"start":{"line":44,"column":6},"end":{"line":44,"column":28}},"22":{"start":{"line":48,"column":22},"end":{"line":64,"column":3}},"23":{"start":{"line":49,"column":4},"end":{"line":49,"column":23}},"24":{"start":{"line":50,"column":21},"end":{"line":50,"column":47}},"25":{"start":{"line":52,"column":4},"end":{"line":63,"column":5}},"26":{"start":{"line":53,"column":6},"end":{"line":53,"column":55}},"27":{"start":{"line":54,"column":26},"end":{"line":54,"column":39}},"28":{"start":{"line":55,"column":6},"end":{"line":55,"column":27}},"29":{"start":{"line":56,"column":6},"end":{"line":56,"column":77}},"30":{"start":{"line":57,"column":6},"end":{"line":60,"column":9}},"31":{"start":{"line":62,"column":6},"end":{"line":62,"column":52}},"32":{"start":{"line":66,"column":17},"end":{"line":70,"column":3}},"33":{"start":{"line":67,"column":4},"end":{"line":67,"column":18}},"34":{"start":{"line":68,"column":4},"end":{"line":68,"column":49}},"35":{"start":{"line":69,"column":4},"end":{"line":69,"column":53}},"36":{"start":{"line":72,"column":23},"end":{"line":91,"column":3}},"37":{"start":{"line":73,"column":4},"end":{"line":73,"column":23}},"38":{"start":{"line":74,"column":21},"end":{"line":74,"column":59}},"39":{"start":{"line":75,"column":4},"end":{"line":90,"column":5}},"40":{"start":{"line":76,"column":6},"end":{"line":79,"column":8}},"41":{"start":{"line":80,"column":6},"end":{"line":84,"column":9}},"42":{"start":{"line":85,"column":6},"end":{"line":85,"column":29}},"43":{"start":{"line":86,"column":20},"end":{"line":86,"column":34}},"44":{"start":{"line":87,"column":6},"end":{"line":87,"column":22}},"45":{"start":{"line":89,"column":6},"end":{"line":89,"column":52}},"46":{"start":{"line":93,"column":2},"end":{"line":155,"column":4}},"47":{"start":{"line":108,"column":37},"end":{"line":108,"column":58}},"48":{"start":{"line":119,"column":20},"end":{"line":119,"column":43}},"49":{"start":{"line":129,"column":30},"end":{"line":129,"column":47}},"50":{"start":{"line":131,"column":16},"end":{"line":138,"column":18}}},"fnMap":{"0":{"name":"(anonymous_0)","decl":{"start":{"line":9,"column":12},"end":{"line":9,"column":13}},"loc":{"start":{"line":9,"column":18},"end":{"line":156,"column":1}},"line":9},"1":{"name":"(anonymous_1)","decl":{"start":{"line":26,"column":12},"end":{"line":26,"column":13}},"loc":{"start":{"line":26,"column":18},"end":{"line":38,"column":3}},"line":26},"2":{"name":"(anonymous_2)","decl":{"start":{"line":27,"column":21},"end":{"line":27,"column":22}},"loc":{"start":{"line":27,"column":33},"end":{"line":30,"column":5}},"line":27},"3":{"name":"(anonymous_3)","decl":{"start":{"line":40,"column":27},"end":{"line":40,"column":28}},"loc":{"start":{"line":40,"column":42},"end":{"line":46,"column":3}},"line":40},"4":{"name":"(anonymous_4)","decl":{"start":{"line":43,"column":15},"end":{"line":43,"column":16}},"loc":{"start":{"line":43,"column":21},"end":{"line":45,"column":5}},"line":43},"5":{"name":"(anonymous_5)","decl":{"start":{"line":48,"column":22},"end":{"line":48,"column":23}},"loc":{"start":{"line":48,"column":35},"end":{"line":64,"column":3}},"line":48},"6":{"name":"(anonymous_6)","decl":{"start":{"line":66,"column":17},"end":{"line":66,"column":18}},"loc":{"start":{"line":66,"column":23},"end":{"line":70,"column":3}},"line":66},"7":{"name":"(anonymous_7)","decl":{"start":{"line":72,"column":23},"end":{"line":72,"column":24}},"loc":{"start":{"line":72,"column":36},"end":{"line":91,"column":3}},"line":72},"8":{"name":"(anonymous_8)","decl":{"start":{"line":108,"column":31},"end":{"line":108,"column":32}},"loc":{"start":{"line":108,"column":37},"end":{"line":108,"column":58}},"line":108},"9":{"name":"(anonymous_9)","decl":{"start":{"line":118,"column":27},"end":{"line":118,"column":28}},"loc":{"start":{"line":118,"column":33},"end":{"line":120,"column":19}},"line":118},"10":{"name":"(anonymous_10)","decl":{"start":{"line":129,"column":20},"end":{"line":129,"column":21}},"loc":{"start":{"line":129,"column":30},"end":{"line":129,"column":47}},"line":129},"11":{"name":"(anonymous_11)","decl":{"start":{"line":130,"column":19},"end":{"line":130,"column":20}},"loc":{"start":{"line":131,"column":16},"end":{"line":138,"column":18}},"line":131}},"branchMap":{"0":{"loc":{"start":{"line":34,"column":4},"end":{"line":37,"column":5}},"type":"if","locations":[{"start":{"line":34,"column":4},"end":{"line":37,"column":5}},{"start":{},"end":{}}],"line":34},"1":{"loc":{"start":{"line":52,"column":4},"end":{"line":63,"column":5}},"type":"if","locations":[{"start":{"line":52,"column":4},"end":{"line":63,"column":5}},{"start":{"line":61,"column":11},"end":{"line":63,"column":5}}],"line":52},"2":{"loc":{"start":{"line":75,"column":4},"end":{"line":90,"column":5}},"type":"if","locations":[{"start":{"line":75,"column":4},"end":{"line":90,"column":5}},{"start":{"line":88,"column":11},"end":{"line":90,"column":5}}],"line":75},"3":{"loc":{"start":{"line":97,"column":9},"end":{"line":99,"column":9}},"type":"binary-expr","locations":[{"start":{"line":97,"column":9},"end":{"line":97,"column":21}},{"start":{"line":98,"column":10},"end":{"line":98,"column":69}}],"line":97},"4":{"loc":{"start":{"line":101,"column":9},"end":{"line":141,"column":9}},"type":"binary-expr","locations":[{"start":{"line":101,"column":9},"end":{"line":101,"column":13}},{"start":{"line":102,"column":10},"end":{"line":140,"column":13}}],"line":101},"5":{"loc":{"start":{"line":107,"column":13},"end":{"line":109,"column":13}},"type":"binary-expr","locations":[{"start":{"line":107,"column":13},"end":{"line":107,"column":26}},{"start":{"line":108,"column":14},"end":{"line":108,"column":77}}],"line":107},"6":{"loc":{"start":{"line":110,"column":13},"end":{"line":125,"column":13}},"type":"binary-expr","locations":[{"start":{"line":110,"column":13},"end":{"line":110,"column":25}},{"start":{"line":111,"column":14},"end":{"line":124,"column":17}}],"line":110},"7":{"loc":{"start":{"line":144,"column":9},"end":{"line":152,"column":9}},"type":"binary-expr","locations":[{"start":{"line":144,"column":9},"end":{"line":144,"column":14}},{"start":{"line":145,"column":10},"end":{"line":151,"column":13}}],"line":144}},"s":{"0":0,"1":0,"2":0,"3":0,"4":0,"5":0,"6":0,"7":0,"8":0,"9":0,"10":0,"11":0,"12":0,"13":0,"14":0,"15":0,"16":0,"17":0,"18":0,"19":0,"20":0,"21":0,"22":0,"23":0,"24":0,"25":0,"26":0,"27":0,"28":0,"29":0,"30":0,"31":0,"32":0,"33":0,"34":0,"35":0,"36":0,"37":0,"38":0,"39":0,"40":0,"41":0,"42":0,"43":0,"44":0,"45":0,"46":0,"47":0,"48":0,"49":0,"50":0},"f":{"0":0,"1":0,"2":0,"3":0,"4":0,"5":0,"6":0,"7":0,"8":0,"9":0,"10":0,"11":0},"b":{"0":[0,0],"1":[0,0],"2":[0,0],"3":[0,0],"4":[0,0],"5":[0,0],"6":[0,0],"7":[0,0]}}
,"C:\\Users\\Sadık Barış Yılmaz\\Documents\\Projects\\fullstackopen-part5\\src\\main.jsx": {"path":"C:\\Users\\Sadık Barış Yılmaz\\Documents\\Projects\\fullstackopen-part5\\src\\main.jsx","statementMap":{"0":{"start":{"line":5,"column":0},"end":{"line":5,"column":69}}},"fnMap":{},"branchMap":{},"s":{"0":0},"f":{},"b":{}}
,"C:\\Users\\Sadık Barış Yılmaz\\Documents\\Projects\\fullstackopen-part5\\src\\components\\Blog.jsx": {"path":"C:\\Users\\Sadık Barış Yılmaz\\Documents\\Projects\\fullstackopen-part5\\src\\components\\Blog.jsx","statementMap":{"0":{"start":{"line":4,"column":20},"end":{"line":74,"column":1}},"1":{"start":{"line":5,"column":30},"end":{"line":5,"column":45}},"2":{"start":{"line":6,"column":20},"end":{"line":11,"column":3}},"3":{"start":{"line":13,"column":23},"end":{"line":28,"column":3}},"4":{"start":{"line":14,"column":4},"end":{"line":27,"column":5}},"5":{"start":{"line":15,"column":23},"end":{"line":15,"column":55}},"6":{"start":{"line":16,"column":6},"end":{"line":16,"column":48}},"7":{"start":{"line":16,"column":31},"end":{"line":16,"column":46}},"8":{"start":{"line":17,"column":6},"end":{"line":24,"column":7}},"9":{"start":{"line":18,"column":8},"end":{"line":21,"column":10}},"10":{"start":{"line":23,"column":8},"end":{"line":23,"column":51}},"11":{"start":{"line":26,"column":6},"end":{"line":26,"column":13}},"12":{"start":{"line":30,"column":21},"end":{"line":41,"column":3}},"13":{"start":{"line":31,"column":22},"end":{"line":31,"column":26}},"14":{"start":{"line":32,"column":4},"end":{"line":32,"column":25}},"15":{"start":{"line":33,"column":21},"end":{"line":33,"column":64}},"16":{"start":{"line":34,"column":18},"end":{"line":34,"column":32}},"17":{"start":{"line":35,"column":4},"end":{"line":35,"column":20}},"18":{"start":{"line":36,"column":4},"end":{"line":40,"column":5}},"19":{"start":{"line":37,"column":6},"end":{"line":37,"column":77}},"20":{"start":{"line":39,"column":6},"end":{"line":39,"column":46}},"21":{"start":{"line":43,"column":2},"end":{"line":73,"column":4}},"22":{"start":{"line":50,"column":26},"end":{"line":50,"column":69}}},"fnMap":{"0":{"name":"(anonymous_0)","decl":{"start":{"line":4,"column":20},"end":{"line":4,"column":21}},"loc":{"start":{"line":4,"column":79},"end":{"line":74,"column":1}},"line":4},"1":{"name":"(anonymous_1)","decl":{"start":{"line":13,"column":23},"end":{"line":13,"column":24}},"loc":{"start":{"line":13,"column":35},"end":{"line":28,"column":3}},"line":13},"2":{"name":"(anonymous_2)","decl":{"start":{"line":16,"column":20},"end":{"line":16,"column":21}},"loc":{"start":{"line":16,"column":31},"end":{"line":16,"column":46}},"line":16},"3":{"name":"(anonymous_3)","decl":{"start":{"line":30,"column":21},"end":{"line":30,"column":22}},"loc":{"start":{"line":30,"column":33},"end":{"line":41,"column":3}},"line":30},"4":{"name":"(anonymous_4)","decl":{"start":{"line":50,"column":19},"end":{"line":50,"column":20}},"loc":{"start":{"line":50,"column":26},"end":{"line":50,"column":69}},"line":50}},"branchMap":{"0":{"loc":{"start":{"line":14,"column":4},"end":{"line":27,"column":5}},"type":"if","locations":[{"start":{"line":14,"column":4},"end":{"line":27,"column":5}},{"start":{"line":25,"column":11},"end":{"line":27,"column":5}}],"line":14},"1":{"loc":{"start":{"line":17,"column":6},"end":{"line":24,"column":7}},"type":"if","locations":[{"start":{"line":17,"column":6},"end":{"line":24,"column":7}},{"start":{"line":22,"column":13},"end":{"line":24,"column":7}}],"line":17},"2":{"loc":{"start":{"line":36,"column":4},"end":{"line":40,"column":5}},"type":"if","locations":[{"start":{"line":36,"column":4},"end":{"line":40,"column":5}},{"start":{"line":38,"column":11},"end":{"line":40,"column":5}}],"line":36},"3":{"loc":{"start":{"line":50,"column":26},"end":{"line":50,"column":69}},"type":"cond-expr","locations":[{"start":{"line":50,"column":35},"end":{"line":50,"column":51}},{"start":{"line":50,"column":54},"end":{"line":50,"column":69}}],"line":50},"4":{"loc":{"start":{"line":52,"column":11},"end":{"line":52,"column":35}},"type":"cond-expr","locations":[{"start":{"line":52,"column":20},"end":{"line":52,"column":26}},{"start":{"line":52,"column":29},"end":{"line":52,"column":35}}],"line":52},"5":{"loc":{"start":{"line":55,"column":7},"end":{"line":71,"column":7}},"type":"binary-expr","locations":[{"start":{"line":55,"column":7},"end":{"line":55,"column":13}},{"start":{"line":56,"column":8},"end":{"line":70,"column":14}}],"line":55},"6":{"loc":{"start":{"line":67,"column":11},"end":{"line":69,"column":11}},"type":"binary-expr","locations":[{"start":{"line":67,"column":11},"end":{"line":67,"column":42}},{"start":{"line":68,"column":12},"end":{"line":68,"column":58}}],"line":67}},"s":{"0":1,"1":1,"2":1,"3":1,"4":0,"5":0,"6":0,"7":0,"8":0,"9":0,"10":0,"11":0,"12":1,"13":0,"14":0,"15":0,"16":0,"17":0,"18":0,"19":0,"20":0,"21":1,"22":0},"f":{"0":1,"1":0,"2":0,"3":0,"4":0},"b":{"0":[0,0],"1":[0,0],"2":[0,0],"3":[0,0],"4":[0,1],"5":[1,0],"6":[0,0]},"_coverageSchema":"1a1c01bbd47fc00a2c39e90264f33305004495a9","hash":"3571621158dc51b146aab724323a74f2e32e082e"}
,"C:\\Users\\Sadık Barış Yılmaz\\Documents\\Projects\\fullstackopen-part5\\src\\components\\BlogForm.jsx": {"path":"C:\\Users\\Sadık Barış Yılmaz\\Documents\\Projects\\fullstackopen-part5\\src\\components\\BlogForm.jsx","statementMap":{"0":{"start":{"line":1,"column":24},"end":{"line":57,"column":1}},"1":{"start":{"line":2,"column":2},"end":{"line":56,"column":4}},"2":{"start":{"line":14,"column":14},"end":{"line":17,"column":17}},"3":{"start":{"line":14,"column":37},"end":{"line":17,"column":15}},"4":{"start":{"line":30,"column":14},"end":{"line":33,"column":17}},"5":{"start":{"line":30,"column":37},"end":{"line":33,"column":15}},"6":{"start":{"line":45,"column":14},"end":{"line":48,"column":17}},"7":{"start":{"line":45,"column":37},"end":{"line":48,"column":15}}},"fnMap":{"0":{"name":"(anonymous_0)","decl":{"start":{"line":1,"column":24},"end":{"line":1,"column":25}},"loc":{"start":{"line":1,"column":69},"end":{"line":57,"column":1}},"line":1},"1":{"name":"(anonymous_1)","decl":{"start":{"line":13,"column":22},"end":{"line":13,"column":23}},"loc":{"start":{"line":14,"column":14},"end":{"line":17,"column":17}},"line":14},"2":{"name":"(anonymous_2)","decl":{"start":{"line":14,"column":26},"end":{"line":14,"column":27}},"loc":{"start":{"line":14,"column":37},"end":{"line":17,"column":15}},"line":14},"3":{"name":"(anonymous_3)","decl":{"start":{"line":29,"column":22},"end":{"line":29,"column":23}},"loc":{"start":{"line":30,"column":14},"end":{"line":33,"column":17}},"line":30},"4":{"name":"(anonymous_4)","decl":{"start":{"line":30,"column":26},"end":{"line":30,"column":27}},"loc":{"start":{"line":30,"column":37},"end":{"line":33,"column":15}},"line":30},"5":{"name":"(anonymous_5)","decl":{"start":{"line":44,"column":22},"end":{"line":44,"column":23}},"loc":{"start":{"line":45,"column":14},"end":{"line":48,"column":17}},"line":45},"6":{"name":"(anonymous_6)","decl":{"start":{"line":45,"column":26},"end":{"line":45,"column":27}},"loc":{"start":{"line":45,"column":37},"end":{"line":48,"column":15}},"line":45}},"branchMap":{},"s":{"0":0,"1":0,"2":0,"3":0,"4":0,"5":0,"6":0,"7":0},"f":{"0":0,"1":0,"2":0,"3":0,"4":0,"5":0,"6":0},"b":{}}
,"C:\\Users\\Sadık Barış Yılmaz\\Documents\\Projects\\fullstackopen-part5\\src\\components\\LoginForm.jsx": {"path":"C:\\Users\\Sadık Barış Yılmaz\\Documents\\Projects\\fullstackopen-part5\\src\\components\\LoginForm.jsx","statementMap":{"0":{"start":{"line":1,"column":25},"end":{"line":41,"column":1}},"1":{"start":{"line":2,"column":2},"end":{"line":40,"column":4}},"2":{"start":{"line":14,"column":14},"end":{"line":17,"column":17}},"3":{"start":{"line":14,"column":42},"end":{"line":17,"column":15}},"4":{"start":{"line":29,"column":14},"end":{"line":32,"column":17}},"5":{"start":{"line":29,"column":42},"end":{"line":32,"column":15}}},"fnMap":{"0":{"name":"(anonymous_0)","decl":{"start":{"line":1,"column":25},"end":{"line":1,"column":26}},"loc":{"start":{"line":1,"column":79},"end":{"line":41,"column":1}},"line":1},"1":{"name":"(anonymous_1)","decl":{"start":{"line":13,"column":22},"end":{"line":13,"column":23}},"loc":{"start":{"line":14,"column":14},"end":{"line":17,"column":17}},"line":14},"2":{"name":"(anonymous_2)","decl":{"start":{"line":14,"column":31},"end":{"line":14,"column":32}},"loc":{"start":{"line":14,"column":42},"end":{"line":17,"column":15}},"line":14},"3":{"name":"(anonymous_3)","decl":{"start":{"line":28,"column":22},"end":{"line":28,"column":23}},"loc":{"start":{"line":29,"column":14},"end":{"line":32,"column":17}},"line":29},"4":{"name":"(anonymous_4)","decl":{"start":{"line":29,"column":31},"end":{"line":29,"column":32}},"loc":{"start":{"line":29,"column":42},"end":{"line":32,"column":15}},"line":29}},"branchMap":{},"s":{"0":0,"1":0,"2":0,"3":0,"4":0,"5":0},"f":{"0":0,"1":0,"2":0,"3":0,"4":0},"b":{}}
,"C:\\Users\\Sadık Barış Yılmaz\\Documents\\Projects\\fullstackopen-part5\\src\\components\\Notification.jsx": {"path":"C:\\Users\\Sadık Barış Yılmaz\\Documents\\Projects\\fullstackopen-part5\\src\\components\\Notification.jsx","statementMap":{"0":{"start":{"line":3,"column":28},"end":{"line":9,"column":1}},"1":{"start":{"line":4,"column":2},"end":{"line":6,"column":3}},"2":{"start":{"line":5,"column":4},"end":{"line":5,"column":16}},"3":{"start":{"line":8,"column":2},"end":{"line":8,"column":47}},"4":{"start":{"line":11,"column":0},"end":{"line":14,"column":2}}},"fnMap":{"0":{"name":"(anonymous_0)","decl":{"start":{"line":3,"column":28},"end":{"line":3,"column":29}},"loc":{"start":{"line":3,"column":51},"end":{"line":9,"column":1}},"line":3}},"branchMap":{"0":{"loc":{"start":{"line":4,"column":2},"end":{"line":6,"column":3}},"type":"if","locations":[{"start":{"line":4,"column":2},"end":{"line":6,"column":3}},{"start":{},"end":{}}],"line":4}},"s":{"0":0,"1":0,"2":0,"3":0,"4":0},"f":{"0":0},"b":{"0":[0,0]}}
,"C:\\Users\\Sadık Barış Yılmaz\\Documents\\Projects\\fullstackopen-part5\\src\\services\\blogs.js": {"path":"C:\\Users\\Sadık Barış Yılmaz\\Documents\\Projects\\fullstackopen-part5\\src\\services\\blogs.js","statementMap":{"0":{"start":{"line":2,"column":16},"end":{"line":2,"column":49}},"1":{"start":{"line":4,"column":22},"end":{"line":8,"column":1}},"2":{"start":{"line":5,"column":18},"end":{"line":5,"column":36}},"3":{"start":{"line":6,"column":19},"end":{"line":6,"column":32}},"4":{"start":{"line":7,"column":2},"end":{"line":7,"column":22}},"5":{"start":{"line":10,"column":26},"end":{"line":24,"column":1}},"6":{"start":{"line":11,"column":17},"end":{"line":13,"column":3}},"7":{"start":{"line":15,"column":2},"end":{"line":22,"column":3}},"8":{"start":{"line":16,"column":20},"end":{"line":16,"column":53}},"9":{"start":{"line":17,"column":21},"end":{"line":17,"column":34}},"10":{"start":{"line":18,"column":4},"end":{"line":18,"column":19}},"11":{"start":{"line":21,"column":4},"end":{"line":21,"column":25}},"12":{"start":{"line":25,"column":26},"end":{"line":39,"column":1}},"13":{"start":{"line":26,"column":17},"end":{"line":28,"column":3}},"14":{"start":{"line":30,"column":2},"end":{"line":37,"column":3}},"15":{"start":{"line":31,"column":20},"end":{"line":31,"column":60}},"16":{"start":{"line":32,"column":21},"end":{"line":32,"column":34}},"17":{"start":{"line":33,"column":4},"end":{"line":33,"column":19}},"18":{"start":{"line":36,"column":4},"end":{"line":36,"column":25}},"19":{"start":{"line":41,"column":26},"end":{"line":55,"column":1}},"20":{"start":{"line":42,"column":17},"end":{"line":44,"column":3}},"21":{"start":{"line":46,"column":2},"end":{"line":53,"column":3}},"22":{"start":{"line":47,"column":20},"end":{"line":47,"column":63}},"23":{"start":{"line":48,"column":21},"end":{"line":48,"column":34}},"24":{"start":{"line":49,"column":4},"end":{"line":49,"column":19}},"25":{"start":{"line":52,"column":4},"end":{"line":52,"column":25}}},"fnMap":{"0":{"name":"(anonymous_0)","decl":{"start":{"line":4,"column":22},"end":{"line":4,"column":23}},"loc":{"start":{"line":4,"column":34},"end":{"line":8,"column":1}},"line":4},"1":{"name":"(anonymous_1)","decl":{"start":{"line":10,"column":26},"end":{"line":10,"column":27}},"loc":{"start":{"line":10,"column":49},"end":{"line":24,"column":1}},"line":10},"2":{"name":"(anonymous_2)","decl":{"start":{"line":25,"column":26},"end":{"line":25,"column":27}},"loc":{"start":{"line":25,"column":47},"end":{"line":39,"column":1}},"line":25},"3":{"name":"(anonymous_3)","decl":{"start":{"line":41,"column":26},"end":{"line":41,"column":27}},"loc":{"start":{"line":41,"column":53},"end":{"line":55,"column":1}},"line":41}},"branchMap":{},"s":{"0":1,"1":1,"2":0,"3":0,"4":0,"5":1,"6":0,"7":0,"8":0,"9":0,"10":0,"11":0,"12":1,"13":0,"14":0,"15":0,"16":0,"17":0,"18":0,"19":1,"20":0,"21":0,"22":0,"23":0,"24":0,"25":0},"f":{"0":0,"1":0,"2":0,"3":0},"b":{},"_coverageSchema":"1a1c01bbd47fc00a2c39e90264f33305004495a9","hash":"7d0c97b2df45117876cf0185ecc794678e6fc424"}
,"C:\\Users\\Sadık Barış Yılmaz\\Documents\\Projects\\fullstackopen-part5\\src\\services\\login.js": {"path":"C:\\Users\\Sadık Barış Yılmaz\\Documents\\Projects\\fullstackopen-part5\\src\\services\\login.js","statementMap":{"0":{"start":{"line":2,"column":16},"end":{"line":2,"column":45}},"1":{"start":{"line":4,"column":21},"end":{"line":13,"column":1}},"2":{"start":{"line":6,"column":4},"end":{"line":11,"column":5}},"3":{"start":{"line":7,"column":25},"end":{"line":7,"column":63}},"4":{"start":{"line":8,"column":8},"end":{"line":8,"column":23}},"5":{"start":{"line":10,"column":8},"end":{"line":10,"column":29}}},"fnMap":{"0":{"name":"(anonymous_0)","decl":{"start":{"line":4,"column":21},"end":{"line":4,"column":22}},"loc":{"start":{"line":4,"column":42},"end":{"line":13,"column":1}},"line":4}},"branchMap":{},"s":{"0":0,"1":0,"2":0,"3":0,"4":0,"5":0},"f":{"0":0},"b":{}}
}
