TN:
SF:src\App.jsx
FN:9,(anonymous_0)
FN:26,(anonymous_1)
FN:27,(anonymous_2)
FN:40,(anonymous_3)
FN:43,(anonymous_4)
FN:48,(anonymous_5)
FN:66,(anonymous_6)
FN:72,(anonymous_7)
FN:108,(anonymous_8)
FN:118,(anonymous_9)
FN:129,(anonymous_10)
FN:130,(anonymous_11)
FNF:12
FNH:0
FNDA:0,(anonymous_0)
FNDA:0,(anonymous_1)
FNDA:0,(anonymous_2)
FNDA:0,(anonymous_3)
FNDA:0,(anonymous_4)
FNDA:0,(anonymous_5)
FNDA:0,(anonymous_6)
FNDA:0,(anonymous_7)
FNDA:0,(anonymous_8)
FNDA:0,(anonymous_9)
FNDA:0,(anonymous_10)
FNDA:0,(anonymous_11)
DA:9,0
DA:10,0
DA:11,0
DA:12,0
DA:13,0
DA:14,0
DA:15,0
DA:21,0
DA:25,0
DA:26,0
DA:27,0
DA:28,0
DA:29,0
DA:32,0
DA:34,0
DA:35,0
DA:36,0
DA:40,0
DA:41,0
DA:42,0
DA:43,0
DA:44,0
DA:48,0
DA:49,0
DA:50,0
DA:52,0
DA:53,0
DA:54,0
DA:55,0
DA:56,0
DA:57,0
DA:62,0
DA:66,0
DA:67,0
DA:68,0
DA:69,0
DA:72,0
DA:73,0
DA:74,0
DA:75,0
DA:76,0
DA:80,0
DA:85,0
DA:86,0
DA:87,0
DA:89,0
DA:93,0
DA:108,0
DA:119,0
DA:129,0
DA:131,0
LF:51
LH:0
BRDA:34,0,0,0
BRDA:34,0,1,0
BRDA:52,1,0,0
BRDA:52,1,1,0
BRDA:75,2,0,0
BRDA:75,2,1,0
BRDA:97,3,0,0
BRDA:97,3,1,0
BRDA:101,4,0,0
BRDA:101,4,1,0
BRDA:107,5,0,0
BRDA:107,5,1,0
BRDA:110,6,0,0
BRDA:110,6,1,0
BRDA:144,7,0,0
BRDA:144,7,1,0
BRF:16
BRH:0
end_of_record
TN:
SF:src\main.jsx
FNF:0
FNH:0
DA:5,0
LF:1
LH:0
BRF:0
BRH:0
end_of_record
TN:
SF:src\components\Blog.jsx
FN:4,(anonymous_0)
FN:13,(anonymous_1)
FN:16,(anonymous_2)
FN:30,(anonymous_3)
FN:50,(anonymous_4)
FNF:5
FNH:1
FNDA:1,(anonymous_0)
FNDA:0,(anonymous_1)
FNDA:0,(anonymous_2)
FNDA:0,(anonymous_3)
FNDA:0,(anonymous_4)
DA:4,1
DA:5,1
DA:6,1
DA:13,1
DA:14,0
DA:15,0
DA:16,0
DA:17,0
DA:18,0
DA:23,0
DA:26,0
DA:30,1
DA:31,0
DA:32,0
DA:33,0
DA:34,0
DA:35,0
DA:36,0
DA:37,0
DA:39,0
DA:43,1
DA:50,0
LF:22
LH:6
BRDA:14,0,0,0
BRDA:14,0,1,0
BRDA:17,1,0,0
BRDA:17,1,1,0
BRDA:36,2,0,0
BRDA:36,2,1,0
BRDA:50,3,0,0
BRDA:50,3,1,0
BRDA:52,4,0,0
BRDA:52,4,1,1
BRDA:55,5,0,1
BRDA:55,5,1,0
BRDA:67,6,0,0
BRDA:67,6,1,0
BRF:14
BRH:2
end_of_record
TN:
SF:src\components\BlogForm.jsx
FN:1,(anonymous_0)
FN:13,(anonymous_1)
FN:14,(anonymous_2)
FN:29,(anonymous_3)
FN:30,(anonymous_4)
FN:44,(anonymous_5)
FN:45,(anonymous_6)
FNF:7
FNH:0
FNDA:0,(anonymous_0)
FNDA:0,(anonymous_1)
FNDA:0,(anonymous_2)
FNDA:0,(anonymous_3)
FNDA:0,(anonymous_4)
FNDA:0,(anonymous_5)
FNDA:0,(anonymous_6)
DA:1,0
DA:2,0
DA:14,0
DA:30,0
DA:45,0
LF:5
LH:0
BRF:0
BRH:0
end_of_record
TN:
SF:src\components\LoginForm.jsx
FN:1,(anonymous_0)
FN:13,(anonymous_1)
FN:14,(anonymous_2)
FN:28,(anonymous_3)
FN:29,(anonymous_4)
FNF:5
FNH:0
FNDA:0,(anonymous_0)
FNDA:0,(anonymous_1)
FNDA:0,(anonymous_2)
FNDA:0,(anonymous_3)
FNDA:0,(anonymous_4)
DA:1,0
DA:2,0
DA:14,0
DA:29,0
LF:4
LH:0
BRF:0
BRH:0
end_of_record
TN:
SF:src\components\Notification.jsx
FN:3,(anonymous_0)
FNF:1
FNH:0
FNDA:0,(anonymous_0)
DA:3,0
DA:4,0
DA:5,0
DA:8,0
DA:11,0
LF:5
LH:0
BRDA:4,0,0,0
BRDA:4,0,1,0
BRF:2
BRH:0
end_of_record
TN:
SF:src\services\blogs.js
FN:4,(anonymous_0)
FN:10,(anonymous_1)
FN:25,(anonymous_2)
FN:41,(anonymous_3)
FNF:4
FNH:0
FNDA:0,(anonymous_0)
FNDA:0,(anonymous_1)
FNDA:0,(anonymous_2)
FNDA:0,(anonymous_3)
DA:2,1
DA:4,1
DA:5,0
DA:6,0
DA:7,0
DA:10,1
DA:11,0
DA:15,0
DA:16,0
DA:17,0
DA:18,0
DA:21,0
DA:25,1
DA:26,0
DA:30,0
DA:31,0
DA:32,0
DA:33,0
DA:36,0
DA:41,1
DA:42,0
DA:46,0
DA:47,0
DA:48,0
DA:49,0
DA:52,0
LF:26
LH:5
BRF:0
BRH:0
end_of_record
TN:
SF:src\services\login.js
FN:4,(anonymous_0)
FNF:1
FNH:0
FNDA:0,(anonymous_0)
DA:2,0
DA:4,0
DA:6,0
DA:7,0
DA:8,0
DA:10,0
LF:6
LH:0
BRF:0
BRH:0
end_of_record
